<?xml version="1.0" encoding="UTF-8"?>
<testng-results ignored="0" total="2" passed="2" failed="0" skipped="0">
  <reporter-output>
  </reporter-output>
  <suite started-at="2021-08-01T12:11:03 AEST" name="Default suite" finished-at="2021-08-01T12:11:12 AEST" duration-ms="8666">
    <groups>
    </groups>
    <test started-at="2021-08-01T12:11:03 AEST" name="Default test" finished-at="2021-08-01T12:11:12 AEST" duration-ms="8666">
      <class name="ShoppingCart.LocalChromeTest">
        <test-method is-config="true" signature="launchBrowser()[pri:0, instance:ShoppingCart.LocalChromeTest@76508ed1]" started-at="2021-08-01T12:11:03 AEST" name="launchBrowser" finished-at="2021-08-01T12:11:10 AEST" duration-ms="6409" status="PASS">
          <reporter-output>
          </reporter-output>
        </test-method> <!-- launchBrowser -->
        <test-method signature="firstTestCase()[pri:0, instance:ShoppingCart.LocalChromeTest@76508ed1]" started-at="2021-08-01T12:11:10 AEST" name="firstTestCase" finished-at="2021-08-01T12:11:10 AEST" duration-ms="602" status="PASS">
          <reporter-output>
          </reporter-output>
        </test-method> <!-- firstTestCase -->
        <test-method signature="secondTestCase()[pri:0, instance:ShoppingCart.LocalChromeTest@76508ed1]" started-at="2021-08-01T12:11:10 AEST" name="secondTestCase" finished-at="2021-08-01T12:11:11 AEST" duration-ms="926" status="PASS">
          <reporter-output>
          </reporter-output>
        </test-method> <!-- secondTestCase -->
        <test-method is-config="true" signature="endTest()[pri:0, instance:ShoppingCart.LocalChromeTest@76508ed1]" started-at="2021-08-01T12:11:11 AEST" name="endTest" finished-at="2021-08-01T12:11:12 AEST" duration-ms="657" status="PASS">
          <reporter-output>
          </reporter-output>
        </test-method> <!-- endTest -->
      </class> <!-- ShoppingCart.LocalChromeTest -->
    </test> <!-- Default test -->
  </suite> <!-- Default suite -->
</testng-results>
